UUID do Computador: B9F487F2-48A4-11ED-9C05-18EE518D5E00
Usuário: Frank
Sistema Operacional: Windows 10 (10.0.18363)
Nome do Computador: DESKTOP-D019GDM
Endereço IP Local: 169.254.15.231
Endereço IP Público: 93.216.77.18
Resolução da Tela: 1280x1024
Processador: Intel64 Family 6 Model 158 Stepping 9, GenuineIntel
Memória RAM Total: 15.88 GB
Disco C:\: 64.37 GB
Placa de Vídeo 1: ASPEED Graphics Family(WDDM)
Placa de Vídeo 2: Intel(R) HD Graphics 610
Placa de Som 1: nerds.de LoopBeAudio - Internal Audio Ports
Placa de Rede 1: Intel(R) I350 Gigabit Backplane Connection
Placa de Rede 2: Intel(R) I350 Gigabit Backplane Connection #2
Placa de Rede 3: Microsoft Kernel Debug Network Adapter
Placa de Rede 4: WAN Miniport (SSTP)
Placa de Rede 5: WAN Miniport (IKEv2)
Placa de Rede 6: WAN Miniport (L2TP)
Placa de Rede 7: WAN Miniport (PPTP)
Placa de Rede 8: WAN Miniport (PPPOE)
Placa de Rede 9: WAN Miniport (IP)
Placa de Rede 10: WAN Miniport (IPv6)
Placa de Rede 11: WAN Miniport (Network Monitor)
Placa-mãe: Supermicro, B2SS2-F
Firewall:
Domain Profile Settings: 
----------------------------------------------------------------------
State                                 OFF
Firewall Policy                       BlockInbound,AllowOutbound
LocalFirewallRules                    N/A (GPO-store only)
LocalConSecRules                      N/A (GPO-store only)
InboundUserNotification               Enable
RemoteManagement                      Disable
UnicastResponseToMulticast            Enable
Logging:
LogAllowedConnections                 Disable
LogDroppedConnections                 Disable
FileName                              %systemroot%\system32\LogFiles\Firewall\pfirewall.log
MaxFileSize                           4096
Private Profile Settings: 
----------------------------------------------------------------------
State                                 OFF
Firewall Policy                       BlockInbound,AllowOutbound
LocalFirewallRules                    N/A (GPO-store only)
LocalConSecRules                      N/A (GPO-store only)
InboundUserNotification               Enable
RemoteManagement                      Disable
UnicastResponseToMulticast            Enable
Logging:
LogAllowedConnections                 Disable
LogDroppedConnections                 Disable
FileName                              %systemroot%\system32\LogFiles\Firewall\pfirewall.log
MaxFileSize                           4096
Public Profile Settings: 
----------------------------------------------------------------------
State                                 ON
Firewall Policy                       BlockInbound,AllowOutbound
LocalFirewallRules                    N/A (GPO-store only)
LocalConSecRules                      N/A (GPO-store only)
InboundUserNotification               Enable
RemoteManagement                      Disable
UnicastResponseToMulticast            Enable
Logging:
LogAllowedConnections                 Disable
LogDroppedConnections                 Disable
FileName                              %systemroot%\system32\LogFiles\Firewall\pfirewall.log
MaxFileSize                           4096
Ok.
Antivírus 1: Windows Defender

    ⠀⠀⣰⣦⣢⠀⠀⠀⠀⠀⠀⠀⠀⠀⠀⠀⠀⠀⠀⠀⠀⠀⠀⠀⠀⠀⠀⠀⠀⠀⠀⠀⠀⠀⠀⠀⠀⠀⠀⠀⠀⠀⠀⠀⠀  
      ⠀⢰⣾⣿⣷⡥⠀⠀⠀⠀⠀⠀⠀⠀⠀⠀⠀⠀⠀⠀⠀⠀⠀⠀⠀⠀⠀⠀⠀⠀⠀⠀⠀⠀⠀⠀⠀⠀⠀⠀⠀⠀⠀⠀⠀  
      ⠀⢸⣿⣿⡿⣷⣡⠀⠀⠀⠀⠀⠀⠀⠀⡀⠤⠀⠀⠀⠀⢀⠠⠀⡀⠀⠀⠀⠀⠀⠀⠀⠀⠀⠀⠀⠀⠀⠀⠀⠀⠀⠀⠀⠀  
      ⠀⢸⣿⣿⣷⣿⡧⡆⠀⠀⠀⠀⣔⣦⣜⢼⡿⣯⣂⣀⢴⣿⡿⢿⣎⠀⠀⠀⠀⠀⠀⠀⠀⠀⠀⠀⠀⠀⠀⠀⠀⠀⠀⠀⠀  
      ⠀⢸⢿⣿⣿⣈⣟⡇⠀⢀⢠⣄⣷⠟⠻⠿⠛⠊⠉⠉⠚⢹⣿⣖⣀⠄⡀⠀⠀⠀⠀⠀⠀⠀⢀⣀⡀⠀⣀⠀⠀⠀⠀⠀⠀  
      ⠀⠈⣾⣿⣿⣿⣏⡧⣢⣿⡿⠛⠋⠀⠀⠀⠀⠀⠀⠀⠀⠀⠉⠛⠻⢿⣾⣔⢄⡀⢀⣠⣲⣼⣷⣶⣿⣿⣾⣾⣿⣤⣒⢄⠀  
      ⠀⠀⠘⣿⣿⣿⣿⣿⠟⠁⠀⠀⠀⠀⠀⠀⠀⠀⠀⠀⠀⠀⠀⠀⠀⠀⠙⢿⣷⣶⣿⣿⣟⣛⣿⣿⣾⡟⣶⣿⣾⣿⡿⡿⠇  
      ⠀⠀⠀⠣⣿⣿⣿⡟⠀⠀⠀⠀⠀⠀⠀⠀⠀⠀⠀⠀⠀⠀⠀⠀⠀⠀⠀⠀⢿⣿⣻⠟⡻⢿⣿⣿⣿⡿⢿⣟⠻⠟⠃⠀⠀  
      ⠀⠀⠀⠀⠸⣿⡟⠀⠀⠀⠀⠀⠀⠀⠀⠀⠀⠀⠀⠀⠀⠀⠀⠀⠀⠀⠀⠀⠘⣿⣧⢆⠀⠀⠀⠀⠀⠀⠀⠀⠀⠀⠀⠀⠀  
      ⠀⠀⠀⠀⣿⣿⠇⠀⠀⠀⠀⠀⠀⠀⠀⠀⠀⠀⠀⠀⠀⠀⠀⠀⠀⠀⠀⠀⠀⠸⣿⣎⠀⠀⠀⠀⠀⠀⠀⠀⠀⠀⠀⠀⠀  
      ⠀⠀⠀⢸⣼⣿⠀⠀⠀⠀⠀⠀⠀⠀⠀⠀⠀⠀⠀⠀⠀⠀⠀⠀⠀⠀⠀⠀⠀⠀⣿⣿⡆⠀⠀⠀⠀⠀⠀⠀⠀⠀⠀⠀⠀  
      ⠀⠀⠀⢸⣾⣿⠀⠀⠀⠀⠀⠀⠀⠀⠀⠀⠀⠀⠀⠀⠀⠀⠀⠀⠀⠀⠀⠀⠀⠀⢹⣿⠁⠀⠀⠀⠀⠀⠀⠀⠀⠀⠀⠀⠀  
      ⠀⠀⠀⢸⣽⣿⡀⠀⠀⠀⠀⠀⠀⠀⠀⠀⠀⠀⠀⠀⠀⠀⠀⠀⠀⠀⠀⠀⠀⠀⣸⣿⡇⠀⠀⠀⠀⠀⠀⠀⠀⠀⠀⠀⠀  
      ⠀⠀⠀⠘⣿⣿⡄⠀⠀⠀⠀⣠⣤⠀⠀⠀⠀⠀⠀⠀⠀⠀⠀⠀⣶⣦⠀⠀⠀⠀⠻⢿⡆⠀⠀⠀⠀⠀⠀⠀⠀⠀⠀⠀⠀  
      ⠀⠀⠀⢰⣏⡉⠀⠀⠀⠀⠀⢿⡿⠃⠀⠀⠀⣠⣤⣄⠀⠀⠀⠀⠻⠟⠀⠀⠀⠀⠰⣿⣕⡀⠀⠀⠀⠀⠀⠀⠀⠀⠀⠀⠀  
      ⠀⠀⢠⢻⣿⠁⠀⠀⠀⠀⠀⠀⠀⠀⠀⠀⠀⠙⠛⠋⠀⠀⠀⠀⠀⠀⠀⠀⠀⠀⠀⢹⣿⣳⠀⠀⠀⠀⠀⠀⠀⠀⠀⠀⠀  
      ⠀⠀⠀⢟⣿⣧⡀⠀⠀⠀⠀⠀⠀⠀⠀⠀⠀⠀⠀⠀⠀⠀⠀⠀⠀⠀⠀⠀⠀⠀⣠⣿⢏⠃⠀⠀⠀⠀⠀⠀⠀⠀⠀⠀⠀  
      ⠀⠀⠀⠈⠩⢿⢿⣶⣤⣀⡀⠀⠀⠀⠀⠀⠀⠀⠀⠀⠀⠀⠀⠀⠀⢀⣀⣤⣶⡿⣟⠝⠁⠀⠀⠀⠀⠀⠀⠀⠀⠀⠀⠀⠀  
      ⠀⠀⠀⠀⠀⠀⢉⡻⢿⣿⣿⣿⣿⣶⣶⣶⣶⡦⠀⠀⣶⣶⣶⣾⣿⣿⣿⣿⣷⣮⡀⠀⠀⠀⠀⠀⠀⠀⠀⠀⠀⠀⠀⠀⠀  
      ⠀⠀⠀⢀⢠⣦⣷⣿⣿⣿⣿⣿⣯⣟⡿⣿⢿⣷⡆⢀⣼⣿⣿⣻⣯⣿⣿⣿⣿⣾⣯⣔⡤⢀⠀⠀⠀⠀⠀⠀⠀⠀⠀⠀⠀  
      ⠀⠀⡠⣷⣿⣿⣟⣯⢿⣽⣿⣿⣿⣿⣿⣿⢯⣟⡿⣿⢿⣻⣾⣿⡿⣿⣻⣽⣷⣻⢿⣿⣿⣶⣅⠄⠀⠀⠀⠀⠀⠀⠀⠀⠀  
      ⢠⣺⣾⠟⠉⠻⣿⣯⣿⣿⣿⣟⡷⣯⣟⣾⢿⣽⣻⣽⢿⣽⣻⢾⣽⡷⣿⣿⣿⣿⣟⣾⡿⠛⢿⣮⡢⠀⠀⠀⠀⠀⠀⠀⠀  
      ⣷⣿⠁⠀⠀⠀⢨⣿⣿⣿⣻⣞⣿⡽⣾⢯⣿⢾⣽⡾⣯⡷⣟⣯⡷⣿⣳⣯⢿⣿⣿⡁⠀⠀⠀⢻⣷⣇⠀⠀⠀⠀⠀⠀⠀  
      ⣿⣿⡄⠀⠀⢠⣿⣿⣿⣾⣷⣿⣾⣿⣿⣿⣾⣿⣿⣿⣿⣿⣿⣿⣿⣷⣿⣯⣿⣿⣿⣷⠀⠀⠀⢸⣿⢺⠀⠀⠀⠀⠀⠀⠀  
      ⠙⠹⣿⠶⢦⣼⣿⠿⠛⠛⠛⠉⠉⠉⠉⠉⠉⠉⠉⠉⠉⠉⠉⠉⠙⠋⠛⠛⠛⠛⠿⣿⣇⣠⣴⣿⢟⠋⠀⠀⠀⠀⠀⠀⠀  
      ⠀⠀⠀⠈⡅⣿⡇⠀⠀⠀⠀⠀⠀⠀⠀⠀⠀⠀⠀⠀⠀⠀⠀⠀⠀⠀⠀⠀⠀⠀⠀⣿⡿⠟⠉⠉⠀⠀⠀⠀⠀⠀⠀⠀⠀  
      ⠀⠀⠀⠀⡁⣿⡇⠀⠀⠀⠀⠀⠀⢠⣄⡀⠀⠀⠀⠀⠀⠀⠀⣀⡀⠀⠀⠀⠀⠀⢀⣿⣏⠂⠀⠀⠀⠀⠀⠀⠀⠀⠀⠀⠀  
      ⠀⠀⠀⠀⠸⣿⣿⡀⠀⠀⠀⠀⠀⠈⠙⠻⠷⣶⣤⣤⣤⣶⠿⠟⠋⠀⠀⠀⠀⠀⣼⣿⡜⠀⠀⠀⠀⠀⠀⠀⠀⠀⠀⠀⠀  
      ⠀⠀⠀⠀⠀⠘⣻⣿⣄⠀⠀⠀⠀⠀⠀⠀⠀⠀⢹⣿⠁⠀⠀⠀⠀⠀⠀⠀⢀⣼⡿⡑⠀⠀⠀⠀⠀⠀⠀⠀⠀⠀⠀⠀⠀  
      ⠀⠀⠀⠀⠀⠀⢸⣻⣏⣀⣤⣄⣀⣀⣀⣀⣀⣀⣼⣿⣀⣀⣀⣀⣀⣀⣀⣠⣿⣟⡫⡄⠀⠀⠀⠀⠀⠀⠀⠀⠀⠀⠀⠀⠀  
      ⠀⠀⠀⠀⠀⠀⠈⠈⠛⠛⠛⠛⠛⠛⠛⠛⠛⠛⠛⠛⠛⠛⠛⠛⠛⠛⠛⠛⠛⠛⠓⠁⠀⠀⠀⠀⠀⠀⠀⠀⠀⠀⠀⠀⠀