-----BEGIN PGP MESSAGE-----

wcFMA1R6rFB1bW4AARAAl2G22Pd6/0QVKyWE1Ou5fpgGP/R6Crf6bW3dmCrlFMqr
9at6vCK42H3HtdsYJ0vw8bJF/fMDDEcsq6EUBMEW+IrzAqTtye2zYzd8mRLWMidk
Z7uy5UWr5ywXj7getLvX4S4014FDtJetZ3cyZPYLRevltWYAKtINKaDDXAWlfa+3
6uMyh+I6GGE4bQvIk6d+Bi6HEzoAghobNbeJb1L4jLjjLsc+Sc2mBpbgBUOiqHKe
LDcu7y/YauEshE1w8aJmk0TGK+hxUspgCq6nOKi/cW2tbMHeUgz7YF/IMpY9IaZE
lg2wGI7qo0feawUA/IDx5NbYNuwOeL8UzM8bN4xRWMyoztokD9Fui9BB8HOvHCrd
flR1906T4tyseC0uagXvuVT5CEq3ny2U/AlAbqkvoLAS/i2OYGGJT+3GZPwqsdQR
B4+afX8YFkAGbMgW1CeqkBjnaSZy5ZFrVL8IG0Pb+LaIbhzkoJ1uwfbF0MhRoKV3
wyTDSqWKbi28pgUIT3dW3Ee/iMxQPSLoUafMom9WF/X+lkaBYWil49e+Y421pmsp
QnloB+dgDPXreBAsg93NfDrC/fYxmecOaOekivY1A2exEr4Tj2YF0ojH1m5Rpqa9
JX/dSNHcfoqDuPLduGaQVgq2C5ILNj+Y29YSeYUpIdJpl8cYnaBQTtVUNbwh2RzS
xncBTxEtVdbIKOrgSUrAeNUBQoYmqtmkIdDvpruVnqE6REvJOVWpk8QrnA1YMV13
11oEQKBs/2a92HJbq+Jec44O2jRf12323QUel6D/DYDtaJH9BNr/q6naZ4FscBHt
jZbaPdrTrDeVmBveKA+rxi7GbFhe3Oi0gdk6jzrJxM5Bso9dOKgaJk5MY0tP61fv
6NHS3qA0y1NK+DeGjSfuE4sEU+DxxGLKOcEWvdTPYrbszKSIYk2f3B4EVLH9wH5U
ADvuUeLF1p1C+/ozSrBKTZ6CcYEYVa69bakAZIfA7i5oJVv0vfeJ/QE8lpVUxbBd
L8HJCDEfK+ToQkfwos/RZjea4qot+Z6TUcSnvCU0X22vytzQnds3SXsKezhD9C6S
8Nd6DLzzxg1IAKDYypVBRuUmz2NFnbhAiUZTk0pGOB+5SwSNv+n+Tf8+O5j0Vkrf
EqV84Bq27rBGYU3WBHlx9EnkozQxGDKFG4jQrDe4/RDvk2oxXVfAP1h7xX1v4ka8
VeQ5sGsG0A9dczAZdIUlGoIVfzm4uarZnS2zawZhwkiMmcZ9J19zskxOT6pQsI78
F0kDunuP8DHCB5ttryVHu6Qrx4VuOWSVbb4WoR8XOpmoQq5GuW8ZU9JFaC2HE4VN
XzhkOXiU193W7KEzOeTSb9JcWIVJ7bItiOs7PrAfjIjqmq5AqVxWkKusNLjkl1aJ
eOc/DbSd/mGp0Lh+yZOrKLijyTnMDTzV8TwEngPvo5PePxjewF4YYCgZ1fApVUjI
q4+1XOKOxI0vnFDxReuVbpB4ks1SOuvhllKAouV7eWn8tvvwvZNVCGaKkm1a1BoE
66Jul5S1DbhwvGfbTvou54sBctkgBQsaKbmxO78wfXlqNSe9iUzG8qmve6cRRyAt
LrSaid5uZk/4kJ2bMn0OK+uJM/wdXkDzj+elWfd4c8FzSTal3xi4E8zcLOfjbWC/
PwApUqrTP4txpquvTXgISAtaCLwrrx/NJrRUGl5JsSQWkaHvGHFkO/eoHWxEczgb
1B+PZBpP9c4DyCxNwg1FIeNzPamqL/QUdY0qDQHPMW/dsmZ5+FBTuoQ20tKwLlge
Ei4PjfYYzjvAzAUDVyyT42ou8gRvsisnZpUdFiCSNxcql4YIg4lyPub4orS/oUON
Z5mwZ+ycWqm2L6L5MuqKo/7tEWG3anYZOB7W8zO3y6Jc6TpxELC3/vWearkKP3RP
3oU0LMPyRZZjh3up7i6yna/mEcp/Q6pgEg0mM5N2LELZtcyDJ/8l6t23ZVd7E/DN
sgWs961gUYNhTZAO9qN6IbWXGDaQ7aATVIly4RlCQPVlwRKo+JK67PUGq0SDdd0y
n0mWst/SR85B6fDf40Zrdre0vfH56nHg3rm0y6hNPNP7iWjcuoUK8RojywsEG4V6
c2+VfaZ+eBIi9sZSeXT3yE4xfNgHgW5S6dvkrS1ySLxdZ/nqxLiUjhdeOQOShh9Y
oqgUGwlOThhZaWV3rraLEjWOlHAoiB4IQ4VHwxmUiv2Z/IFnkkV4Fxw4v7QtL4+9
VcrgHG2PkIv0FT6TUxQKYAfZHvCr/gjP41dApA5j63d4nRhTavXFSlK1GnLzD5a1
Xqbmp+Q0EzVHxhPei6J8DPtknZ8tI8p4c65Sbpw2DZ2Po/PXluIX4Jcxqbf1M5fG
qOiaOVqdbL4aUqoPx8LRiawYBPIHXC0dDYYQBH7qhmQ31uW1Jm47oivh1EfgyOHf
og3f9slgaeIo4FID92d8SWIdDDCWHBYWa7okO5P0qITd1Rz/hh0Act1lxiHthS49
5aaTqpDnvXORokjvqU4dBFybfo4QYaXjI7i379qsifFOrNtY5L5LYH9OrTab61jb
t9yYPySrZl8F+PH/qgFy5Qi2A/s64DZywDuDwk4H2PRvm/n5XcB0F/waMqHrMWUX
qrLI2gGCHH57ud6v3lcOLB3A3OFcuNmm5yHQW2FKxwy3f2grmQkxp3MJLnUeZRog
ZD9L5jZdJ9nu0H35yiTS5lG0iJ+JggtmvPxY3F8T9GmwkTnZAJkla1APMnxMGhbo
JSBvGKs2YZQ7BaWcHC/JmWcWb4BOKdUSQKlgLxvpV/60Qf12Ax1D8sxM43kQYRyJ
ZO5JE3k0B2dpdcukaHeud9u6u3f2zmzInil7DOsuT2zatyCll82a4qKyLm2tEGW0
russawnca0uHsj5kOb87SmedBkscmvc3MKUQ6jep1h2ys+i1x2fWF66hy1As3Wru
AP0M01jvxF9cUO8u6adMRd8qNR3bD2WDPqjyzcCLeqri2Q8IQmsrumbvHBmGq3TX
1OvvCRF7eZHThCmOyYdfv8iI3fKGx1WYAKPivNvxN3suQp+8SWQCfNJM7E1Ti0of
LTUzMrTGrdWzRwf7XAnmHJcAdv6oqxsZ94onrjmUCEKuAK8eFaxsLLk+OSsw0VmC
Ox/pBKFJqsuti5IkZLPHfkDRs7XuuLIW4g==
=SGyi
-----END PGP MESSAGE-----
