-----BEGIN PGP MESSAGE-----

wcFMA1R6rFB1bW4AAQ/9EDjfBxJzlyb1P1cx5grzQQaeRn+rqzlN0xgnIN0NDiPz
0Dzjhnb9/0ExZVcGLyXm0VKWlNVnolDFra4TFj2wKfmstHN6oO75lAHUyGTOXnM/
o4qel8QbvbRGNMIKwTp3MIkrOewGhqcYjOj2TmHVvcIaESqJcPuICA+TWpXeRBeN
uOPyJs42CjZiMumD95NCwS9QZGMgFIApa8rKOyBC1jH/kz90dfrnSkpCIpQoyEuR
zmtooUfXoFR+SkRv532hgGFT7ozyGO/qJBvyUHXSR2MnlDzNtOOIJnjTnbWVymUI
GT4mleX4VVLkKPXW2y/rNS2ApjpgVXjFUCgukZEHIRkhUPJ1H8A84tZLfx9Iet62
D3aGt8GrrS8LDdQq1+hzyIZ5aseXr8wS4HMJG3W4YJRO7tMrZQ70LhGH/DSypH2d
sgHwYLpAwicddoSwhk2G+RsxdG+CGwCn7famZznfpcUeNV70V33rVymhxIYy7uID
EiwaWuyfMLAebV0xIAW+io3LKb4ninEvzNFdrJKf6HVc9e1BPrOYZqC6oPh6mdLD
FYTJHywNfRxmluYyizrREXYljUoIjdfJAVj8Vf1fehhZkU64AJfvPX1C8wzHfk3n
rwGlugBkSuFDCqarxGTuU88GyzFEq7dc+tNY+btuXc6TSm14L3iLrQ5A20fklE/S
xiQBMuRjpy4/3GO7ep9Yro2fMTHhPMIlVsH+REo4Jofm1XVdZgWkEhCzeILPXsQR
/GEprXu57xpIplz2+0tMiTZ0KgI93c4XlyoeaOlZfzyRqpueyREXBWnKeAflhxCZ
EbxjiwnXvSFveqvZY7wUsppgVh2u5NNMMhjJY1aKQMkznpZpNIX/0o8ygkJknlj0
iJ7c3GSgPclHlVwMjeewoEZWCw9WOB0pSqK5/VsKywqX2/wcJvx9zti/QYLZ2+GK
zjc5gp6GU7vcwbWwxCsuW6bxrGapJ1e+RIlOQaeZVZ/9OTWd4XTGJMoDazZYX9MQ
2aSCkavRN3ZX/2z0pahmsyvCE26lxLkFYM/R9wk8CmHC9usLaRa4qYpoCgaKBAKU
vnlay7ShkLEviWDIw0vbaX1Z/jHYTWKF4XunWbllED1rknNasDVbmIvm4pc9Pvwi
CnSo0JdmlNhSAHvVeHabREiD96JNNtbKlbpgfjq1kqKM4FITD33/koLCQxogFUP1
8Zg3CGuKV/lfZbRj5BIJh56ePMIiAb1OqqPy1L201WOx/JZVBMPeX2T9sxrqJKPV
cTlY95XDjtCz18HNcqPGhsWUtgMICGpxUDo6SP2CYKvETKRInx0Xgn7y+9XMo/o2
hbeU+cNW3lbZ+5kntX3mmZfKJ5iZkXXb75kbryJwnObqgZ2ANzy02Ko6yHbFiu01
xlZZ3dqW5VwJhFpia2LXIb1wjq8ve+1RgRQ9pmCNhG2coTaf5Td58/NbG0D5TpvY
mOIA/EfXXL8k1ePX4dJJK5jCzUSRq6QNjVRiBAn0OyNkM8thgzXVHgHLUWWqkD7J
Kd4s59x+9Thz/tp3RRXeYVwcVdqlFErlkFwRUMGPkn4F4CW15gSg+xws8YAmNb1a
GlsGuHCKjDSIYkmJweMemPNLGsRDtbD/7rOJKrwAopkoLwrmN6Z4Pa1WM5og35F8
KEjRlOycU7cshDoOTGa9jdanQ12EKIrTh5KzBuU8FZONFmd6ThAEW1+wRGjEcR+I
3USUmzr2U63L0MIcP8af93sBy+xsOw06m0ts8cxvYgY7+Okb/CHFEXAgpsqv8F6s
mg0A6rRx5oLTfYDjN6jazVT1ea8qXgekIwJIZM/v/u9b8vEGUDWJNl6ZcaxjWqGm
NjC3tY4VsZ5zDcc/4KCiYESUReFOnGNJA5yzH8JZsEyMi7OTdMVJ746F0LIEicTI
X9iqXXAW9uuXsnT7vEYvvy881aWxL81q4TztQ92/5h3SOhtISD479015GbzzIDVH
xpn1gAAvBCuPUb2JD7Q3tgAD6QnwpSs7Lfslo45zSGRayPji2gXZPGjBSG78i+bG
NwSa7xLnmGWEFp+HrseHDxbVhwDfyffHWKIeiB7+fGJmXcZaODD2TSPenG+QQttP
lszqQ9N7JXgGsxB/v8FtFJhudGKIcxrB+Wdf1WsaxN/1hLGVSbhKd3xlCrARZpjg
f3YQXxm60l6DJVJXZbyFj3zorhYm9W5CbqY1efKHTHNupaj/TJGKbazkjTkHJgOv
Fq85HXw7jKxKWzwNFjPbX6MsXBuJowwT3ws9qxgox4z3jJuHRwNcAv/TMMI5FtT9
4dWW2i02sQQwGI8RRR4Wg94UF7Tnm14bpWoPvjSDMGd+rxoN5C+ztcO8rJ91BeDW
5lwTDhi6+rzgiPRMxgtiZnZwCZrMitHzzHynVacGPZ+3qzkKJMH9/2OlqGdZ0Xj6
34PoBUtfPqrUjwk2hvpjnNpDuQsgtanGfCpp2NBfSg3zv4kqWHpTX3L1SnGLuIVT
RkMs808TI9rUPcFye8q8s3FJ0LA1ovA3CMlVeBWoOgScX0h2ITPtCiYXX9jk5nYj
erD3+rankphjGHACBCCv07hac8chEbgkywrP/yILnkmNGAalA193nDvSnIAqgTeN
BYA/ox9NC5FYpZM1PiLJPzFnH1hlZZRTK2DUQB3ViTpUCuGPqPka/je8eJTXNICt
og6gNz3HCDb6QwEAXH/MchTQJWeMTfZ5udxvfmfIiTGjpwo/T5gk2bi8H82Sco4L
OfLejNa2Wchc4EjUs6rYaMBSaIU2szcJOgYlppzl+dq2iZnTRYgXQAV1tXohUcva
DLox27G+Z4kRiL5ng+cnF2K0orfDejST6vgYOD7kdTNvqWxTmSp8Bo+RTNFFTC0o
8hV5tTj1Y2iXKxg0nZpS0Vn8ciXoidPcQn4A05kY/dVpUtEIPawSOoSwy0/hs7Iu
vU7Fbk1LudHJLGeqTfsmWqvECSmEOmLEhDtaV2gSPxbKZQKpsjd7cgdxiF6ad56w
+1RKsgCEjcMVkOMZrVCAA9ZfHf3Ba57gk3fdPoN7lS6jYLMIV5U=
=LBOw
-----END PGP MESSAGE-----